23-02-13 18:29:44.156 : 00_RFDN_baseline
23-02-13 18:48:55.061 : 00_RFDN_baseline
23-02-13 18:50:40.295 : 00_RFDN_baseline
23-02-13 18:51:29.982 : 00_RFDN_baseline
23-02-13 18:56:50.666 : 00_RFDN_baseline
23-02-13 18:57:43.847 : 00_RFDN_baseline
23-02-13 18:57:47.156 : 0801.png - PSNR: 29.76 dB
23-02-13 18:57:47.579 : 0802.png - PSNR: 35.29 dB
23-02-13 18:57:47.970 : 0803.png - PSNR: 40.75 dB
23-02-13 18:57:48.317 : 0804.png - PSNR: 27.54 dB
23-02-13 18:57:48.693 : 0805.png - PSNR: 28.58 dB
23-02-13 18:57:49.072 : 0806.png - PSNR: 28.65 dB
23-02-13 18:57:49.383 : 0807.png - PSNR: 20.28 dB
23-02-13 18:57:49.720 : 0808.png - PSNR: 26.89 dB
23-02-13 18:57:50.058 : 0809.png - PSNR: 32.30 dB
23-02-13 18:57:50.485 : 0810.png - PSNR: 26.77 dB
23-02-13 18:57:50.887 : 0811.png - PSNR: 29.12 dB
23-02-13 18:57:51.309 : 0812.png - PSNR: 28.10 dB
23-02-13 18:57:51.721 : 0813.png - PSNR: 31.47 dB
23-02-13 18:57:52.093 : 0814.png - PSNR: 28.40 dB
23-02-13 18:57:52.498 : 0815.png - PSNR: 34.22 dB
23-02-13 18:57:52.877 : 0816.png - PSNR: 31.73 dB
23-02-13 18:57:53.293 : 0817.png - PSNR: 32.28 dB
23-02-13 18:57:53.729 : 0818.png - PSNR: 29.04 dB
23-02-13 18:57:54.122 : 0819.png - PSNR: 28.13 dB
23-02-13 18:57:54.523 : 0820.png - PSNR: 25.08 dB
23-02-13 18:57:54.985 : 0821.png - PSNR: 32.36 dB
23-02-13 18:57:55.431 : 0822.png - PSNR: 30.73 dB
23-02-13 18:57:55.989 : 0823.png - PSNR: 26.11 dB
23-02-13 18:57:56.354 : 0824.png - PSNR: 28.55 dB
23-02-13 18:57:56.734 : 0825.png - PSNR: 27.45 dB
23-02-13 18:57:57.169 : 0826.png - PSNR: 24.27 dB
23-02-13 18:57:57.562 : 0827.png - PSNR: 33.69 dB
23-02-13 18:57:57.933 : 0828.png - PSNR: 22.07 dB
23-02-13 18:57:58.285 : 0829.png - PSNR: 26.62 dB
23-02-13 18:57:58.550 : 0830.png - PSNR: 24.52 dB
23-02-13 18:57:58.855 : 0831.png - PSNR: 30.37 dB
23-02-13 18:57:59.277 : 0832.png - PSNR: 30.96 dB
23-02-13 18:57:59.696 : 0833.png - PSNR: 34.18 dB
23-02-13 18:58:00.119 : 0834.png - PSNR: 25.46 dB
23-02-13 18:58:00.499 : 0835.png - PSNR: 22.89 dB
23-02-13 18:58:00.917 : 0836.png - PSNR: 25.99 dB
23-02-13 18:58:01.285 : 0837.png - PSNR: 26.31 dB
23-02-13 18:58:01.650 : 0838.png - PSNR: 37.78 dB
23-02-13 18:58:01.986 : 0839.png - PSNR: 29.11 dB
23-02-13 18:58:02.342 : 0840.png - PSNR: 28.44 dB
23-02-13 18:58:02.708 : 0841.png - PSNR: 28.27 dB
23-02-13 18:58:03.062 : 0842.png - PSNR: 30.11 dB
23-02-13 18:58:03.390 : 0843.png - PSNR: 41.22 dB
23-02-13 18:58:03.654 : 0844.png - PSNR: 44.51 dB
23-02-13 18:58:03.984 : 0845.png - PSNR: 24.42 dB
23-02-13 18:58:04.384 : 0846.png - PSNR: 25.58 dB
23-02-13 18:58:04.730 : 0847.png - PSNR: 27.89 dB
23-02-13 18:58:05.109 : 0848.png - PSNR: 27.33 dB
23-02-13 18:58:05.505 : 0849.png - PSNR: 22.51 dB
23-02-13 18:58:06.502 : 0850.png - PSNR: 29.20 dB
23-02-13 18:58:06.879 : 0851.png - PSNR: 28.61 dB
23-02-13 18:58:07.193 : 0852.png - PSNR: 30.11 dB
23-02-13 18:58:07.538 : 0853.png - PSNR: 34.30 dB
23-02-13 18:58:07.849 : 0854.png - PSNR: 24.98 dB
23-02-13 18:58:08.329 : 0855.png - PSNR: 29.43 dB
23-02-13 18:58:08.782 : 0856.png - PSNR: 24.41 dB
23-02-13 18:58:09.205 : 0857.png - PSNR: 34.94 dB
23-02-13 18:58:09.664 : 0858.png - PSNR: 28.58 dB
23-02-13 18:58:10.089 : 0859.png - PSNR: 25.57 dB
23-02-13 18:58:10.496 : 0860.png - PSNR: 20.65 dB
23-02-13 18:58:10.892 : 0861.png - PSNR: 23.12 dB
23-02-13 18:58:11.262 : 0862.png - PSNR: 33.18 dB
23-02-13 18:58:11.628 : 0863.png - PSNR: 33.25 dB
23-02-13 18:58:11.996 : 0864.png - PSNR: 29.96 dB
23-02-13 18:58:13.128 : 0865.png - PSNR: 27.32 dB
23-02-13 18:58:13.522 : 0866.png - PSNR: 25.21 dB
23-02-13 18:58:13.897 : 0867.png - PSNR: 28.58 dB
23-02-13 18:58:14.337 : 0868.png - PSNR: 32.90 dB
23-02-13 18:58:14.680 : 0869.png - PSNR: 23.84 dB
23-02-13 18:58:15.096 : 0870.png - PSNR: 28.68 dB
23-02-13 18:58:15.508 : 0871.png - PSNR: 32.22 dB
23-02-13 18:58:15.881 : 0872.png - PSNR: 24.10 dB
23-02-13 18:58:16.273 : 0873.png - PSNR: 24.12 dB
23-02-13 18:58:16.704 : 0874.png - PSNR: 30.21 dB
23-02-13 18:58:17.134 : 0875.png - PSNR: 24.45 dB
23-02-13 18:58:17.517 : 0876.png - PSNR: 22.21 dB
23-02-13 18:58:17.889 : 0877.png - PSNR: 40.48 dB
23-02-13 18:58:18.283 : 0878.png - PSNR: 32.23 dB
23-02-13 18:58:18.801 : 0879.png - PSNR: 27.38 dB
23-02-13 18:58:19.201 : 0880.png - PSNR: 32.30 dB
23-02-13 18:58:19.524 : 0881.png - PSNR: 25.98 dB
23-02-13 18:58:19.913 : 0882.png - PSNR: 34.28 dB
23-02-13 18:58:20.307 : 0883.png - PSNR: 26.42 dB
23-02-13 18:58:20.762 : 0884.png - PSNR: 26.05 dB
23-02-13 18:58:21.140 : 0885.png - PSNR: 22.97 dB
23-02-13 18:58:21.509 : 0886.png - PSNR: 36.59 dB
23-02-13 18:58:21.934 : 0887.png - PSNR: 25.33 dB
23-02-13 18:58:22.329 : 0888.png - PSNR: 30.71 dB
23-02-13 18:58:22.756 : 0889.png - PSNR: 31.09 dB
23-02-13 18:58:23.160 : 0890.png - PSNR: 25.32 dB
23-02-13 18:58:23.563 : 0891.png - PSNR: 26.99 dB
23-02-13 18:58:23.963 : 0892.png - PSNR: 30.36 dB
23-02-13 18:58:24.344 : 0893.png - PSNR: 33.35 dB
23-02-13 18:58:24.691 : 0894.png - PSNR: 31.84 dB
23-02-13 18:58:25.062 : 0895.png - PSNR: 20.46 dB
23-02-13 18:58:25.450 : 0896.png - PSNR: 39.27 dB
23-02-13 18:58:25.817 : 0897.png - PSNR: 22.22 dB
23-02-13 18:58:26.193 : 0898.png - PSNR: 34.60 dB
23-02-13 18:58:26.572 : 0899.png - PSNR: 31.51 dB
23-02-13 18:58:26.899 : 0900.png - PSNR: 28.18 dB
23-02-13 18:58:27.009 :       Max Memery : 788.130 [M]
23-02-13 18:58:27.009 : ------> Average runtime of (valid) is : 85.993241 seconds
23-02-13 18:58:27.023 :     #Activations : 112.0342 [M]
23-02-13 18:58:27.023 :          #Conv2d : 64
23-02-13 18:58:27.046 :            FLOPs : 27.1026 [G]
23-02-13 18:58:27.046 :          #Params : 0.4334 [M]
23-02-13 20:08:33.646 : 00_RFDN_baseline
23-02-13 20:08:36.946 : 0801.png - PSNR: 29.76 dB
23-02-13 20:08:37.309 : 0802.png - PSNR: 35.29 dB
23-02-13 20:08:37.692 : 0803.png - PSNR: 40.75 dB
23-02-13 20:08:38.030 : 0804.png - PSNR: 27.54 dB
23-02-13 20:08:38.406 : 0805.png - PSNR: 28.58 dB
23-02-13 20:08:38.788 : 0806.png - PSNR: 28.65 dB
23-02-13 20:08:39.092 : 0807.png - PSNR: 20.28 dB
23-02-13 20:08:39.446 : 0808.png - PSNR: 26.89 dB
23-02-13 20:08:39.793 : 0809.png - PSNR: 32.30 dB
23-02-13 20:08:40.202 : 0810.png - PSNR: 26.77 dB
23-02-13 20:08:40.574 : 0811.png - PSNR: 29.12 dB
23-02-13 20:08:41.000 : 0812.png - PSNR: 28.10 dB
23-02-13 20:08:41.409 : 0813.png - PSNR: 31.47 dB
23-02-13 20:08:41.781 : 0814.png - PSNR: 28.40 dB
23-02-13 20:08:42.118 : 0815.png - PSNR: 34.22 dB
23-02-13 20:08:42.500 : 0816.png - PSNR: 31.73 dB
23-02-13 20:08:42.911 : 0817.png - PSNR: 32.28 dB
23-02-13 20:08:43.334 : 0818.png - PSNR: 29.04 dB
23-02-13 20:08:43.737 : 0819.png - PSNR: 28.13 dB
23-02-13 20:08:44.137 : 0820.png - PSNR: 25.08 dB
23-02-13 20:08:44.553 : 0821.png - PSNR: 32.36 dB
23-02-13 20:08:45.012 : 0822.png - PSNR: 30.73 dB
23-02-13 20:08:45.402 : 0823.png - PSNR: 26.11 dB
23-02-13 20:08:45.760 : 0824.png - PSNR: 28.55 dB
23-02-13 20:08:46.136 : 0825.png - PSNR: 27.45 dB
23-02-13 20:08:46.567 : 0826.png - PSNR: 24.27 dB
23-02-13 20:08:46.996 : 0827.png - PSNR: 33.69 dB
23-02-13 20:08:47.630 : 0828.png - PSNR: 22.07 dB
23-02-13 20:08:48.008 : 0829.png - PSNR: 26.62 dB
23-02-13 20:08:48.287 : 0830.png - PSNR: 24.52 dB
23-02-13 20:08:48.618 : 0831.png - PSNR: 30.37 dB
23-02-13 20:08:49.006 : 0832.png - PSNR: 30.96 dB
23-02-13 20:08:49.433 : 0833.png - PSNR: 34.18 dB
23-02-13 20:08:49.805 : 0834.png - PSNR: 25.46 dB
23-02-13 20:08:50.206 : 0835.png - PSNR: 22.89 dB
23-02-13 20:08:50.651 : 0836.png - PSNR: 25.99 dB
23-02-13 20:08:51.036 : 0837.png - PSNR: 26.31 dB
23-02-13 20:08:51.398 : 0838.png - PSNR: 37.78 dB
23-02-13 20:08:51.740 : 0839.png - PSNR: 29.11 dB
23-02-13 20:08:52.077 : 0840.png - PSNR: 28.44 dB
23-02-13 20:08:52.454 : 0841.png - PSNR: 28.27 dB
23-02-13 20:08:52.847 : 0842.png - PSNR: 30.11 dB
23-02-13 20:08:53.193 : 0843.png - PSNR: 41.22 dB
23-02-13 20:08:53.483 : 0844.png - PSNR: 44.51 dB
23-02-13 20:08:53.838 : 0845.png - PSNR: 24.42 dB
23-02-13 20:08:54.209 : 0846.png - PSNR: 25.58 dB
23-02-13 20:08:54.567 : 0847.png - PSNR: 27.89 dB
23-02-13 20:08:54.980 : 0848.png - PSNR: 27.33 dB
23-02-13 20:08:55.378 : 0849.png - PSNR: 22.51 dB
23-02-13 20:08:55.771 : 0850.png - PSNR: 29.20 dB
23-02-13 20:08:56.148 : 0851.png - PSNR: 28.61 dB
23-02-13 20:08:56.490 : 0852.png - PSNR: 30.11 dB
23-02-13 20:08:56.842 : 0853.png - PSNR: 34.30 dB
23-02-13 20:08:57.171 : 0854.png - PSNR: 24.98 dB
23-02-13 20:08:57.644 : 0855.png - PSNR: 29.43 dB
23-02-13 20:08:58.056 : 0856.png - PSNR: 24.41 dB
23-02-13 20:08:58.424 : 0857.png - PSNR: 34.94 dB
23-02-13 20:08:58.784 : 0858.png - PSNR: 28.58 dB
23-02-13 20:08:59.148 : 0859.png - PSNR: 25.57 dB
23-02-13 20:08:59.567 : 0860.png - PSNR: 20.65 dB
23-02-13 20:08:59.986 : 0861.png - PSNR: 23.12 dB
23-02-13 20:09:00.382 : 0862.png - PSNR: 33.18 dB
23-02-13 20:09:00.753 : 0863.png - PSNR: 33.25 dB
23-02-13 20:09:01.135 : 0864.png - PSNR: 29.96 dB
23-02-13 20:09:01.552 : 0865.png - PSNR: 27.32 dB
23-02-13 20:09:01.937 : 0866.png - PSNR: 25.21 dB
23-02-13 20:09:02.317 : 0867.png - PSNR: 28.58 dB
23-02-13 20:09:02.682 : 0868.png - PSNR: 32.90 dB
23-02-13 20:09:02.990 : 0869.png - PSNR: 23.84 dB
23-02-13 20:09:03.434 : 0870.png - PSNR: 28.68 dB
23-02-13 20:09:03.853 : 0871.png - PSNR: 32.22 dB
23-02-13 20:09:04.650 : 0872.png - PSNR: 24.10 dB
23-02-13 20:09:05.054 : 0873.png - PSNR: 24.12 dB
23-02-13 20:09:05.443 : 0874.png - PSNR: 30.21 dB
23-02-13 20:09:05.880 : 0875.png - PSNR: 24.45 dB
23-02-13 20:09:06.303 : 0876.png - PSNR: 22.21 dB
23-02-13 20:09:06.649 : 0877.png - PSNR: 40.48 dB
23-02-13 20:09:07.067 : 0878.png - PSNR: 32.23 dB
23-02-13 20:09:07.566 : 0879.png - PSNR: 27.38 dB
23-02-13 20:09:07.948 : 0880.png - PSNR: 32.30 dB
23-02-13 20:09:08.271 : 0881.png - PSNR: 25.98 dB
23-02-13 20:09:08.622 : 0882.png - PSNR: 34.28 dB
23-02-13 20:09:09.019 : 0883.png - PSNR: 26.42 dB
23-02-13 20:09:09.411 : 0884.png - PSNR: 26.05 dB
23-02-13 20:09:09.802 : 0885.png - PSNR: 22.97 dB
23-02-13 20:09:10.181 : 0886.png - PSNR: 36.59 dB
23-02-13 20:09:10.550 : 0887.png - PSNR: 25.33 dB
23-02-13 20:09:10.932 : 0888.png - PSNR: 30.71 dB
23-02-13 20:09:11.325 : 0889.png - PSNR: 31.09 dB
23-02-13 20:09:11.723 : 0890.png - PSNR: 25.32 dB
23-02-13 20:09:12.136 : 0891.png - PSNR: 26.99 dB
23-02-13 20:09:12.554 : 0892.png - PSNR: 30.36 dB
23-02-13 20:09:12.935 : 0893.png - PSNR: 33.35 dB
23-02-13 20:09:13.308 : 0894.png - PSNR: 31.84 dB
23-02-13 20:09:13.685 : 0895.png - PSNR: 20.46 dB
23-02-13 20:09:14.080 : 0896.png - PSNR: 39.27 dB
23-02-13 20:09:14.457 : 0897.png - PSNR: 22.22 dB
23-02-13 20:09:14.849 : 0898.png - PSNR: 34.60 dB
23-02-13 20:09:15.222 : 0899.png - PSNR: 31.51 dB
23-02-13 20:09:15.577 : 0900.png - PSNR: 28.18 dB
23-02-13 20:09:15.681 :       Max Memery : 788.130 [M]
23-02-13 20:09:15.681 : ------> Average runtime of (valid) is : 93.538617 seconds
23-02-13 20:09:15.694 :     #Activations : 112.0342 [M]
23-02-13 20:09:15.694 :          #Conv2d : 64
23-02-13 20:09:15.724 :            FLOPs : 27.1026 [G]
23-02-13 20:09:15.724 :          #Params : 0.4334 [M]
23-02-13 20:25:03.630 : 00_RFDN_baseline
23-02-13 20:25:06.885 : 0801.png - PSNR: 29.76 dB
23-02-13 20:25:07.287 : 0802.png - PSNR: 35.29 dB
23-02-13 20:25:07.696 : 0803.png - PSNR: 40.75 dB
23-02-13 20:25:08.047 : 0804.png - PSNR: 27.54 dB
23-02-13 20:25:08.432 : 0805.png - PSNR: 28.58 dB
23-02-13 20:25:08.835 : 0806.png - PSNR: 28.65 dB
23-02-13 20:25:09.220 : 0807.png - PSNR: 20.28 dB
23-02-13 20:25:09.565 : 0808.png - PSNR: 26.89 dB
23-02-13 20:25:09.942 : 0809.png - PSNR: 32.30 dB
23-02-13 20:25:10.366 : 0810.png - PSNR: 26.77 dB
23-02-13 20:25:10.770 : 0811.png - PSNR: 29.12 dB
23-02-13 20:25:11.184 : 0812.png - PSNR: 28.10 dB
23-02-13 20:25:11.576 : 0813.png - PSNR: 31.47 dB
23-02-13 20:25:11.932 : 0814.png - PSNR: 28.40 dB
23-02-13 20:25:12.252 : 0815.png - PSNR: 34.22 dB
23-02-13 20:25:12.612 : 0816.png - PSNR: 31.73 dB
23-02-13 20:25:12.999 : 0817.png - PSNR: 32.28 dB
23-02-13 20:25:13.433 : 0818.png - PSNR: 29.04 dB
23-02-13 20:25:14.350 : 0819.png - PSNR: 28.13 dB
23-02-13 20:25:14.754 : 0820.png - PSNR: 25.08 dB
23-02-13 20:25:15.150 : 0821.png - PSNR: 32.36 dB
23-02-13 20:25:15.588 : 0822.png - PSNR: 30.73 dB
23-02-13 20:25:15.977 : 0823.png - PSNR: 26.11 dB
23-02-13 20:25:16.315 : 0824.png - PSNR: 28.55 dB
23-02-13 20:25:16.674 : 0825.png - PSNR: 27.45 dB
23-02-13 20:25:17.071 : 0826.png - PSNR: 24.27 dB
23-02-13 20:25:17.477 : 0827.png - PSNR: 33.69 dB
23-02-13 20:25:17.887 : 0828.png - PSNR: 22.07 dB
23-02-13 20:25:18.269 : 0829.png - PSNR: 26.62 dB
23-02-13 20:25:18.549 : 0830.png - PSNR: 24.52 dB
23-02-13 20:25:18.878 : 0831.png - PSNR: 30.37 dB
23-02-13 20:25:19.265 : 0832.png - PSNR: 30.96 dB
23-02-13 20:25:19.682 : 0833.png - PSNR: 34.18 dB
23-02-13 20:25:20.055 : 0834.png - PSNR: 25.46 dB
23-02-13 20:25:20.474 : 0835.png - PSNR: 22.89 dB
23-02-13 20:25:20.940 : 0836.png - PSNR: 25.99 dB
23-02-13 20:25:21.331 : 0837.png - PSNR: 26.31 dB
23-02-13 20:25:21.728 : 0838.png - PSNR: 37.78 dB
23-02-13 20:25:22.096 : 0839.png - PSNR: 29.11 dB
23-02-13 20:25:22.450 : 0840.png - PSNR: 28.44 dB
23-02-13 20:25:22.840 : 0841.png - PSNR: 28.27 dB
23-02-13 20:25:23.225 : 0842.png - PSNR: 30.11 dB
23-02-13 20:25:23.578 : 0843.png - PSNR: 41.22 dB
23-02-13 20:25:23.878 : 0844.png - PSNR: 44.51 dB
23-02-13 20:25:24.242 : 0845.png - PSNR: 24.42 dB
23-02-13 20:25:24.637 : 0846.png - PSNR: 25.58 dB
23-02-13 20:25:25.022 : 0847.png - PSNR: 27.89 dB
23-02-13 20:25:25.449 : 0848.png - PSNR: 27.33 dB
23-02-13 20:25:25.879 : 0849.png - PSNR: 22.51 dB
23-02-13 20:25:26.299 : 0850.png - PSNR: 29.20 dB
23-02-13 20:25:26.684 : 0851.png - PSNR: 28.61 dB
23-02-13 20:25:27.008 : 0852.png - PSNR: 30.11 dB
23-02-13 20:25:27.367 : 0853.png - PSNR: 34.30 dB
23-02-13 20:25:27.693 : 0854.png - PSNR: 24.98 dB
23-02-13 20:25:28.171 : 0855.png - PSNR: 29.43 dB
23-02-13 20:25:28.614 : 0856.png - PSNR: 24.41 dB
23-02-13 20:25:28.998 : 0857.png - PSNR: 34.94 dB
23-02-13 20:25:29.365 : 0858.png - PSNR: 28.58 dB
23-02-13 20:25:29.743 : 0859.png - PSNR: 25.57 dB
23-02-13 20:25:30.174 : 0860.png - PSNR: 20.65 dB
23-02-13 20:25:30.581 : 0861.png - PSNR: 23.12 dB
23-02-13 20:25:30.950 : 0862.png - PSNR: 33.18 dB
23-02-13 20:25:31.312 : 0863.png - PSNR: 33.25 dB
23-02-13 20:25:31.681 : 0864.png - PSNR: 29.96 dB
23-02-13 20:25:32.098 : 0865.png - PSNR: 27.32 dB
23-02-13 20:25:32.483 : 0866.png - PSNR: 25.21 dB
23-02-13 20:25:32.851 : 0867.png - PSNR: 28.58 dB
23-02-13 20:25:33.223 : 0868.png - PSNR: 32.90 dB
23-02-13 20:25:33.548 : 0869.png - PSNR: 23.84 dB
23-02-13 20:25:33.987 : 0870.png - PSNR: 28.68 dB
23-02-13 20:25:34.393 : 0871.png - PSNR: 32.22 dB
23-02-13 20:25:34.779 : 0872.png - PSNR: 24.10 dB
23-02-13 20:25:35.176 : 0873.png - PSNR: 24.12 dB
23-02-13 20:25:35.556 : 0874.png - PSNR: 30.21 dB
23-02-13 20:25:35.977 : 0875.png - PSNR: 24.45 dB
23-02-13 20:25:36.381 : 0876.png - PSNR: 22.21 dB
23-02-13 20:25:36.715 : 0877.png - PSNR: 40.48 dB
23-02-13 20:25:37.122 : 0878.png - PSNR: 32.23 dB
23-02-13 20:25:37.656 : 0879.png - PSNR: 27.38 dB
23-02-13 20:25:38.043 : 0880.png - PSNR: 32.30 dB
23-02-13 20:25:38.355 : 0881.png - PSNR: 25.98 dB
23-02-13 20:25:38.704 : 0882.png - PSNR: 34.28 dB
23-02-13 20:25:39.072 : 0883.png - PSNR: 26.42 dB
23-02-13 20:25:39.470 : 0884.png - PSNR: 26.05 dB
23-02-13 20:25:39.902 : 0885.png - PSNR: 22.97 dB
23-02-13 20:25:40.315 : 0886.png - PSNR: 36.59 dB
23-02-13 20:25:40.707 : 0887.png - PSNR: 25.33 dB
23-02-13 20:25:41.112 : 0888.png - PSNR: 30.71 dB
23-02-13 20:25:41.499 : 0889.png - PSNR: 31.09 dB
23-02-13 20:25:41.877 : 0890.png - PSNR: 25.32 dB
23-02-13 20:25:42.275 : 0891.png - PSNR: 26.99 dB
23-02-13 20:25:42.670 : 0892.png - PSNR: 30.36 dB
23-02-13 20:25:43.067 : 0893.png - PSNR: 33.35 dB
23-02-13 20:25:43.451 : 0894.png - PSNR: 31.84 dB
23-02-13 20:25:43.830 : 0895.png - PSNR: 20.46 dB
23-02-13 20:25:44.219 : 0896.png - PSNR: 39.27 dB
23-02-13 20:25:44.617 : 0897.png - PSNR: 22.22 dB
23-02-13 20:25:45.023 : 0898.png - PSNR: 34.60 dB
23-02-13 20:25:45.421 : 0899.png - PSNR: 31.51 dB
23-02-13 20:25:45.800 : 0900.png - PSNR: 28.18 dB
23-02-13 20:25:45.904 :       Max Memery : 788.130 [M]
23-02-13 20:25:45.904 : ------> Average runtime of (valid) is : 95.205536 seconds
23-02-13 20:25:45.917 :     #Activations : 112.0342 [M]
23-02-13 20:25:45.917 :          #Conv2d : 64
23-02-13 20:25:45.955 :            FLOPs : 27.1026 [G]
23-02-13 20:25:45.956 :          #Params : 0.4334 [M]
23-02-15 13:58:17.500 : 00_RFDN_baseline
23-02-15 13:58:28.371 : 00_RFDN_baseline
23-02-15 14:00:00.062 : 00_RFDN_baseline
23-02-15 14:01:19.462 : 00_RFDN_baseline
23-02-15 14:02:18.092 : 00_RFDN_baseline
23-02-15 14:12:21.655 : 00_RFDN_baseline
23-02-15 22:28:38.095 : 00_RFDN_baseline
23-02-15 22:30:27.434 : 00_RFDN_baseline
23-02-15 22:34:32.385 : 00_RFDN_baseline
23-02-15 22:36:28.303 : 00_RFDN_baseline
23-02-15 22:40:47.527 : 00_RFDN_baseline
23-02-15 22:40:50.929 : 0801.png - PSNR: 29.76 dB
23-02-15 22:40:51.303 : 0802.png - PSNR: 35.29 dB
23-02-15 22:40:51.724 : 0803.png - PSNR: 40.75 dB
23-02-15 22:40:52.103 : 0804.png - PSNR: 27.54 dB
23-02-15 22:40:52.495 : 0805.png - PSNR: 28.58 dB
23-02-15 22:40:52.895 : 0806.png - PSNR: 28.65 dB
23-02-15 22:40:53.227 : 0807.png - PSNR: 20.28 dB
23-02-15 22:40:53.593 : 0808.png - PSNR: 26.89 dB
23-02-15 22:40:54.008 : 0809.png - PSNR: 32.30 dB
23-02-15 22:40:54.474 : 0810.png - PSNR: 26.77 dB
23-02-15 22:40:54.897 : 0811.png - PSNR: 29.12 dB
23-02-15 22:40:55.334 : 0812.png - PSNR: 28.10 dB
23-02-15 22:40:55.751 : 0813.png - PSNR: 31.47 dB
23-02-15 22:40:56.143 : 0814.png - PSNR: 28.40 dB
23-02-15 22:40:56.493 : 0815.png - PSNR: 34.22 dB
23-02-15 22:40:56.893 : 0816.png - PSNR: 31.73 dB
23-02-15 22:40:57.320 : 0817.png - PSNR: 32.28 dB
23-02-15 22:40:57.767 : 0818.png - PSNR: 29.04 dB
23-02-15 22:40:58.195 : 0819.png - PSNR: 28.13 dB
23-02-15 22:40:58.606 : 0820.png - PSNR: 25.08 dB
23-02-15 22:40:59.028 : 0821.png - PSNR: 32.36 dB
23-02-15 22:40:59.495 : 0822.png - PSNR: 30.73 dB
23-02-15 22:40:59.914 : 0823.png - PSNR: 26.11 dB
23-02-15 22:41:00.310 : 0824.png - PSNR: 28.55 dB
23-02-15 22:41:00.724 : 0825.png - PSNR: 27.45 dB
23-02-15 22:41:01.192 : 0826.png - PSNR: 24.27 dB
23-02-15 22:41:01.646 : 0827.png - PSNR: 33.69 dB
23-02-15 22:41:02.077 : 0828.png - PSNR: 22.07 dB
23-02-15 22:41:02.481 : 0829.png - PSNR: 26.62 dB
23-02-15 22:41:02.778 : 0830.png - PSNR: 24.52 dB
23-02-15 22:41:03.147 : 0831.png - PSNR: 30.37 dB
23-02-15 22:41:03.552 : 0832.png - PSNR: 30.96 dB
23-02-15 22:41:03.994 : 0833.png - PSNR: 34.18 dB
23-02-15 22:41:04.382 : 0834.png - PSNR: 25.46 dB
23-02-15 22:41:04.800 : 0835.png - PSNR: 22.89 dB
23-02-15 22:41:05.267 : 0836.png - PSNR: 25.99 dB
23-02-15 22:41:05.674 : 0837.png - PSNR: 26.31 dB
23-02-15 22:41:06.099 : 0838.png - PSNR: 37.78 dB
23-02-15 22:41:06.500 : 0839.png - PSNR: 29.11 dB
23-02-15 22:41:06.898 : 0840.png - PSNR: 28.44 dB
23-02-15 22:41:07.348 : 0841.png - PSNR: 28.27 dB
23-02-15 22:41:07.744 : 0842.png - PSNR: 30.11 dB
23-02-15 22:41:08.145 : 0843.png - PSNR: 41.22 dB
23-02-15 22:41:08.459 : 0844.png - PSNR: 44.51 dB
23-02-15 22:41:08.850 : 0845.png - PSNR: 24.42 dB
23-02-15 22:41:09.280 : 0846.png - PSNR: 25.58 dB
23-02-15 22:41:09.676 : 0847.png - PSNR: 27.89 dB
23-02-15 22:41:10.140 : 0848.png - PSNR: 27.33 dB
23-02-15 22:41:10.596 : 0849.png - PSNR: 22.51 dB
23-02-15 22:41:11.081 : 0850.png - PSNR: 29.20 dB
23-02-15 22:41:11.475 : 0851.png - PSNR: 28.61 dB
23-02-15 22:41:11.809 : 0852.png - PSNR: 30.11 dB
23-02-15 22:41:12.171 : 0853.png - PSNR: 34.30 dB
23-02-15 22:41:12.511 : 0854.png - PSNR: 24.98 dB
23-02-15 22:41:13.007 : 0855.png - PSNR: 29.43 dB
23-02-15 22:41:13.452 : 0856.png - PSNR: 24.41 dB
23-02-15 22:41:13.850 : 0857.png - PSNR: 34.94 dB
23-02-15 22:41:14.258 : 0858.png - PSNR: 28.58 dB
23-02-15 22:41:14.652 : 0859.png - PSNR: 25.57 dB
23-02-15 22:41:15.127 : 0860.png - PSNR: 20.65 dB
23-02-15 22:41:15.557 : 0861.png - PSNR: 23.12 dB
23-02-15 22:41:15.945 : 0862.png - PSNR: 33.18 dB
23-02-15 22:41:16.346 : 0863.png - PSNR: 33.25 dB
23-02-15 22:41:16.752 : 0864.png - PSNR: 29.96 dB
23-02-15 22:41:17.181 : 0865.png - PSNR: 27.32 dB
23-02-15 22:41:17.570 : 0866.png - PSNR: 25.21 dB
23-02-15 22:41:17.954 : 0867.png - PSNR: 28.58 dB
23-02-15 22:41:18.317 : 0868.png - PSNR: 32.90 dB
23-02-15 22:41:18.634 : 0869.png - PSNR: 23.84 dB
23-02-15 22:41:19.073 : 0870.png - PSNR: 28.68 dB
23-02-15 22:41:19.488 : 0871.png - PSNR: 32.22 dB
23-02-15 22:41:19.900 : 0872.png - PSNR: 24.10 dB
23-02-15 22:41:20.334 : 0873.png - PSNR: 24.12 dB
23-02-15 22:41:20.737 : 0874.png - PSNR: 30.21 dB
23-02-15 22:41:21.183 : 0875.png - PSNR: 24.45 dB
23-02-15 22:41:21.615 : 0876.png - PSNR: 22.21 dB
23-02-15 22:41:21.987 : 0877.png - PSNR: 40.48 dB
23-02-15 22:41:22.425 : 0878.png - PSNR: 32.23 dB
23-02-15 22:41:22.951 : 0879.png - PSNR: 27.38 dB
23-02-15 22:41:23.353 : 0880.png - PSNR: 32.30 dB
23-02-15 22:41:23.684 : 0881.png - PSNR: 25.98 dB
23-02-15 22:41:24.046 : 0882.png - PSNR: 34.28 dB
23-02-15 22:41:24.436 : 0883.png - PSNR: 26.42 dB
23-02-15 22:41:24.873 : 0884.png - PSNR: 26.05 dB
23-02-15 22:41:25.326 : 0885.png - PSNR: 22.97 dB
23-02-15 22:41:25.760 : 0886.png - PSNR: 36.59 dB
23-02-15 22:41:26.164 : 0887.png - PSNR: 25.33 dB
23-02-15 22:41:26.556 : 0888.png - PSNR: 30.71 dB
23-02-15 22:41:26.955 : 0889.png - PSNR: 31.09 dB
23-02-15 22:41:27.359 : 0890.png - PSNR: 25.32 dB
23-02-15 22:41:27.772 : 0891.png - PSNR: 26.99 dB
23-02-15 22:41:28.207 : 0892.png - PSNR: 30.36 dB
23-02-15 22:41:28.612 : 0893.png - PSNR: 33.35 dB
23-02-15 22:41:28.999 : 0894.png - PSNR: 31.84 dB
23-02-15 22:41:29.372 : 0895.png - PSNR: 20.46 dB
23-02-15 22:41:29.776 : 0896.png - PSNR: 39.27 dB
23-02-15 22:41:30.162 : 0897.png - PSNR: 22.22 dB
23-02-15 22:41:30.550 : 0898.png - PSNR: 34.60 dB
23-02-15 22:41:30.941 : 0899.png - PSNR: 31.51 dB
23-02-15 22:41:31.295 : 0900.png - PSNR: 28.18 dB
23-02-15 22:41:31.400 :       Max Memery : 788.130 [M]
23-02-15 22:41:31.401 : ------> Average runtime of (valid) is : 98.127501 seconds
23-02-15 22:41:31.413 :     #Activations : 112.0342 [M]
23-02-15 22:41:31.413 :          #Conv2d : 64
23-02-15 22:41:31.442 :            FLOPs : 27.1026 [G]
23-02-15 22:41:31.443 :          #Params : 0.4334 [M]
23-02-15 23:09:45.652 : 45_RFDN_residual
23-02-15 23:09:48.804 : 0801.png - PSNR: 29.14 dB
23-02-15 23:09:49.236 : 0802.png - PSNR: 35.03 dB
23-02-15 23:09:49.639 : 0803.png - PSNR: 39.92 dB
23-02-15 23:09:49.995 : 0804.png - PSNR: 27.21 dB
23-02-15 23:09:50.380 : 0805.png - PSNR: 28.46 dB
23-02-15 23:09:50.769 : 0806.png - PSNR: 27.94 dB
23-02-15 23:09:51.112 : 0807.png - PSNR: 20.08 dB
23-02-15 23:09:51.471 : 0808.png - PSNR: 26.64 dB
23-02-15 23:09:51.836 : 0809.png - PSNR: 32.10 dB
23-02-15 23:09:52.280 : 0810.png - PSNR: 26.63 dB
23-02-15 23:09:52.689 : 0811.png - PSNR: 29.00 dB
23-02-15 23:09:53.130 : 0812.png - PSNR: 27.51 dB
23-02-15 23:09:53.540 : 0813.png - PSNR: 31.20 dB
23-02-15 23:09:53.928 : 0814.png - PSNR: 27.99 dB
23-02-15 23:09:54.286 : 0815.png - PSNR: 33.74 dB
23-02-15 23:09:54.705 : 0816.png - PSNR: 31.55 dB
23-02-15 23:09:55.138 : 0817.png - PSNR: 31.91 dB
23-02-15 23:09:55.571 : 0818.png - PSNR: 28.59 dB
23-02-15 23:09:56.027 : 0819.png - PSNR: 27.78 dB
23-02-15 23:09:56.414 : 0820.png - PSNR: 24.47 dB
23-02-15 23:09:56.823 : 0821.png - PSNR: 31.35 dB
23-02-15 23:09:57.303 : 0822.png - PSNR: 30.42 dB
23-02-15 23:09:57.741 : 0823.png - PSNR: 25.73 dB
23-02-15 23:09:58.149 : 0824.png - PSNR: 28.02 dB
23-02-15 23:09:58.540 : 0825.png - PSNR: 27.09 dB
23-02-15 23:09:58.962 : 0826.png - PSNR: 24.04 dB
23-02-15 23:09:59.365 : 0827.png - PSNR: 33.10 dB
23-02-15 23:09:59.753 : 0828.png - PSNR: 20.08 dB
23-02-15 23:10:00.183 : 0829.png - PSNR: 26.56 dB
23-02-15 23:10:00.465 : 0830.png - PSNR: 24.32 dB
23-02-15 23:10:00.813 : 0831.png - PSNR: 29.83 dB
23-02-15 23:10:01.222 : 0832.png - PSNR: 30.23 dB
23-02-15 23:10:01.647 : 0833.png - PSNR: 33.73 dB
23-02-15 23:10:02.050 : 0834.png - PSNR: 25.30 dB
23-02-15 23:10:02.481 : 0835.png - PSNR: 22.76 dB
23-02-15 23:10:02.947 : 0836.png - PSNR: 25.58 dB
23-02-15 23:10:03.326 : 0837.png - PSNR: 25.98 dB
23-02-15 23:10:03.700 : 0838.png - PSNR: 37.71 dB
23-02-15 23:10:04.062 : 0839.png - PSNR: 29.01 dB
23-02-15 23:10:04.402 : 0840.png - PSNR: 28.32 dB
23-02-15 23:10:04.796 : 0841.png - PSNR: 27.78 dB
23-02-15 23:10:05.218 : 0842.png - PSNR: 29.57 dB
23-02-15 23:10:05.606 : 0843.png - PSNR: 40.60 dB
23-02-15 23:10:05.928 : 0844.png - PSNR: 43.49 dB
23-02-15 23:10:06.313 : 0845.png - PSNR: 23.63 dB
23-02-15 23:10:06.713 : 0846.png - PSNR: 24.77 dB
23-02-15 23:10:07.096 : 0847.png - PSNR: 27.38 dB
23-02-15 23:10:07.528 : 0848.png - PSNR: 27.01 dB
23-02-15 23:10:07.919 : 0849.png - PSNR: 21.93 dB
23-02-15 23:10:08.304 : 0850.png - PSNR: 28.80 dB
23-02-15 23:10:08.662 : 0851.png - PSNR: 28.22 dB
23-02-15 23:10:08.998 : 0852.png - PSNR: 29.88 dB
23-02-15 23:10:09.344 : 0853.png - PSNR: 33.83 dB
23-02-15 23:10:09.666 : 0854.png - PSNR: 24.79 dB
23-02-15 23:10:10.191 : 0855.png - PSNR: 29.25 dB
23-02-15 23:10:10.636 : 0856.png - PSNR: 24.08 dB
23-02-15 23:10:11.042 : 0857.png - PSNR: 34.88 dB
23-02-15 23:10:11.429 : 0858.png - PSNR: 28.38 dB
23-02-15 23:10:11.806 : 0859.png - PSNR: 25.16 dB
23-02-15 23:10:12.298 : 0860.png - PSNR: 20.50 dB
23-02-15 23:10:12.731 : 0861.png - PSNR: 22.73 dB
23-02-15 23:10:13.158 : 0862.png - PSNR: 33.10 dB
23-02-15 23:10:13.553 : 0863.png - PSNR: 33.16 dB
23-02-15 23:10:13.945 : 0864.png - PSNR: 29.82 dB
23-02-15 23:10:14.382 : 0865.png - PSNR: 27.20 dB
23-02-15 23:10:14.751 : 0866.png - PSNR: 24.93 dB
23-02-15 23:10:15.159 : 0867.png - PSNR: 28.22 dB
23-02-15 23:10:15.561 : 0868.png - PSNR: 32.45 dB
23-02-15 23:10:15.894 : 0869.png - PSNR: 23.63 dB
23-02-15 23:10:16.346 : 0870.png - PSNR: 28.48 dB
23-02-15 23:10:16.763 : 0871.png - PSNR: 31.84 dB
23-02-15 23:10:17.189 : 0872.png - PSNR: 23.83 dB
23-02-15 23:10:17.586 : 0873.png - PSNR: 23.83 dB
23-02-15 23:10:17.993 : 0874.png - PSNR: 29.91 dB
23-02-15 23:10:18.458 : 0875.png - PSNR: 24.21 dB
23-02-15 23:10:18.923 : 0876.png - PSNR: 22.01 dB
23-02-15 23:10:19.291 : 0877.png - PSNR: 40.01 dB
23-02-15 23:10:19.724 : 0878.png - PSNR: 31.97 dB
23-02-15 23:10:20.244 : 0879.png - PSNR: 27.08 dB
23-02-15 23:10:20.645 : 0880.png - PSNR: 31.96 dB
23-02-15 23:10:20.987 : 0881.png - PSNR: 25.79 dB
23-02-15 23:10:21.345 : 0882.png - PSNR: 34.08 dB
23-02-15 23:10:21.753 : 0883.png - PSNR: 26.10 dB
23-02-15 23:10:22.158 : 0884.png - PSNR: 25.62 dB
23-02-15 23:10:22.537 : 0885.png - PSNR: 22.66 dB
23-02-15 23:10:22.906 : 0886.png - PSNR: 36.01 dB
23-02-15 23:10:23.268 : 0887.png - PSNR: 25.14 dB
23-02-15 23:10:23.661 : 0888.png - PSNR: 30.31 dB
23-02-15 23:10:24.075 : 0889.png - PSNR: 30.55 dB
23-02-15 23:10:24.451 : 0890.png - PSNR: 25.20 dB
23-02-15 23:10:24.853 : 0891.png - PSNR: 26.40 dB
23-02-15 23:10:25.259 : 0892.png - PSNR: 29.13 dB
23-02-15 23:10:25.636 : 0893.png - PSNR: 33.12 dB
23-02-15 23:10:26.037 : 0894.png - PSNR: 31.54 dB
23-02-15 23:10:26.436 : 0895.png - PSNR: 20.31 dB
23-02-15 23:10:26.854 : 0896.png - PSNR: 38.82 dB
23-02-15 23:10:27.232 : 0897.png - PSNR: 22.00 dB
23-02-15 23:10:27.653 : 0898.png - PSNR: 34.03 dB
23-02-15 23:10:28.071 : 0899.png - PSNR: 30.45 dB
23-02-15 23:10:28.409 : 0900.png - PSNR: 27.59 dB
23-02-15 23:10:28.517 :       Max Memery : 798.045 [M]
23-02-15 23:10:28.517 : ------> Average runtime of (valid) is : 93.482914 seconds
23-02-15 23:10:28.530 :     #Activations : 150.4283 [M]
23-02-15 23:10:28.530 :          #Conv2d : 64
23-02-15 23:10:28.553 :            FLOPs : 27.4692 [G]
23-02-15 23:10:28.553 :          #Params : 0.4273 [M]
23-02-16 15:17:32.069 : 45_RFDN_residual
23-02-16 15:17:37.564 : 0801.png - PSNR: 29.14 dB
23-02-16 15:17:37.929 : 0802.png - PSNR: 35.03 dB
23-02-16 15:17:38.335 : 0803.png - PSNR: 39.92 dB
23-02-16 15:17:38.697 : 0804.png - PSNR: 27.21 dB
23-02-16 15:17:39.113 : 0805.png - PSNR: 28.46 dB
23-02-16 15:17:39.536 : 0806.png - PSNR: 27.94 dB
23-02-16 15:17:39.886 : 0807.png - PSNR: 20.08 dB
23-02-16 15:17:40.271 : 0808.png - PSNR: 26.64 dB
23-02-16 15:17:40.662 : 0809.png - PSNR: 32.10 dB
23-02-16 15:17:41.101 : 0810.png - PSNR: 26.63 dB
23-02-16 15:17:41.516 : 0811.png - PSNR: 29.00 dB
23-02-16 15:17:41.949 : 0812.png - PSNR: 27.51 dB
23-02-16 15:17:42.384 : 0813.png - PSNR: 31.20 dB
23-02-16 15:17:42.752 : 0814.png - PSNR: 27.99 dB
23-02-16 15:17:43.083 : 0815.png - PSNR: 33.74 dB
23-02-16 15:17:43.459 : 0816.png - PSNR: 31.55 dB
23-02-16 15:17:43.867 : 0817.png - PSNR: 31.91 dB
23-02-16 15:17:44.291 : 0818.png - PSNR: 28.59 dB
23-02-16 15:17:44.718 : 0819.png - PSNR: 27.78 dB
23-02-16 15:17:45.133 : 0820.png - PSNR: 24.47 dB
23-02-16 15:17:45.558 : 0821.png - PSNR: 31.35 dB
23-02-16 15:17:46.008 : 0822.png - PSNR: 30.42 dB
23-02-16 15:17:46.399 : 0823.png - PSNR: 25.73 dB
23-02-16 15:17:46.744 : 0824.png - PSNR: 28.02 dB
23-02-16 15:17:47.104 : 0825.png - PSNR: 27.09 dB
23-02-16 15:17:47.554 : 0826.png - PSNR: 24.04 dB
23-02-16 15:17:47.982 : 0827.png - PSNR: 33.10 dB
23-02-16 15:17:48.363 : 0828.png - PSNR: 20.08 dB
23-02-16 15:17:48.722 : 0829.png - PSNR: 26.56 dB
23-02-16 15:17:49.004 : 0830.png - PSNR: 24.32 dB
23-02-16 15:17:49.320 : 0831.png - PSNR: 29.83 dB
23-02-16 15:17:49.693 : 0832.png - PSNR: 30.23 dB
23-02-16 15:17:50.120 : 0833.png - PSNR: 33.73 dB
23-02-16 15:17:50.515 : 0834.png - PSNR: 25.30 dB
23-02-16 15:17:50.939 : 0835.png - PSNR: 22.76 dB
23-02-16 15:17:51.417 : 0836.png - PSNR: 25.58 dB
23-02-16 15:17:51.836 : 0837.png - PSNR: 25.98 dB
23-02-16 15:17:52.213 : 0838.png - PSNR: 37.71 dB
23-02-16 15:17:52.566 : 0839.png - PSNR: 29.01 dB
23-02-16 15:17:52.907 : 0840.png - PSNR: 28.32 dB
23-02-16 15:17:53.293 : 0841.png - PSNR: 27.78 dB
23-02-16 15:17:53.657 : 0842.png - PSNR: 29.57 dB
23-02-16 15:17:54.023 : 0843.png - PSNR: 40.60 dB
23-02-16 15:17:54.329 : 0844.png - PSNR: 43.49 dB
23-02-16 15:17:54.703 : 0845.png - PSNR: 23.63 dB
23-02-16 15:17:55.095 : 0846.png - PSNR: 24.77 dB
23-02-16 15:17:55.467 : 0847.png - PSNR: 27.38 dB
23-02-16 15:17:55.916 : 0848.png - PSNR: 27.01 dB
23-02-16 15:17:56.358 : 0849.png - PSNR: 21.93 dB
23-02-16 15:17:56.782 : 0850.png - PSNR: 28.80 dB
23-02-16 15:17:57.167 : 0851.png - PSNR: 28.22 dB
23-02-16 15:17:57.513 : 0852.png - PSNR: 29.88 dB
23-02-16 15:17:57.878 : 0853.png - PSNR: 33.83 dB
23-02-16 15:17:58.208 : 0854.png - PSNR: 24.79 dB
23-02-16 15:17:58.708 : 0855.png - PSNR: 29.25 dB
23-02-16 15:17:59.129 : 0856.png - PSNR: 24.08 dB
23-02-16 15:17:59.504 : 0857.png - PSNR: 34.88 dB
23-02-16 15:17:59.870 : 0858.png - PSNR: 28.38 dB
23-02-16 15:18:00.252 : 0859.png - PSNR: 25.16 dB
23-02-16 15:18:00.704 : 0860.png - PSNR: 20.50 dB
23-02-16 15:18:01.146 : 0861.png - PSNR: 22.73 dB
23-02-16 15:18:01.541 : 0862.png - PSNR: 33.10 dB
23-02-16 15:18:01.931 : 0863.png - PSNR: 33.16 dB
23-02-16 15:18:02.325 : 0864.png - PSNR: 29.82 dB
23-02-16 15:18:02.758 : 0865.png - PSNR: 27.20 dB
23-02-16 15:18:03.140 : 0866.png - PSNR: 24.93 dB
23-02-16 15:18:03.509 : 0867.png - PSNR: 28.22 dB
23-02-16 15:18:03.864 : 0868.png - PSNR: 32.45 dB
23-02-16 15:18:04.160 : 0869.png - PSNR: 23.63 dB
23-02-16 15:18:04.571 : 0870.png - PSNR: 28.48 dB
23-02-16 15:18:04.988 : 0871.png - PSNR: 31.84 dB
23-02-16 15:18:05.359 : 0872.png - PSNR: 23.83 dB
23-02-16 15:18:05.756 : 0873.png - PSNR: 23.83 dB
23-02-16 15:18:06.132 : 0874.png - PSNR: 29.91 dB
23-02-16 15:18:06.548 : 0875.png - PSNR: 24.21 dB
23-02-16 15:18:06.975 : 0876.png - PSNR: 22.01 dB
23-02-16 15:18:07.320 : 0877.png - PSNR: 40.01 dB
23-02-16 15:18:07.725 : 0878.png - PSNR: 31.97 dB
23-02-16 15:18:08.227 : 0879.png - PSNR: 27.08 dB
23-02-16 15:18:08.616 : 0880.png - PSNR: 31.96 dB
23-02-16 15:18:08.941 : 0881.png - PSNR: 25.79 dB
23-02-16 15:18:09.301 : 0882.png - PSNR: 34.08 dB
23-02-16 15:18:09.682 : 0883.png - PSNR: 26.10 dB
23-02-16 15:18:10.057 : 0884.png - PSNR: 25.62 dB
23-02-16 15:18:10.471 : 0885.png - PSNR: 22.66 dB
23-02-16 15:18:10.879 : 0886.png - PSNR: 36.01 dB
23-02-16 15:18:11.285 : 0887.png - PSNR: 25.14 dB
23-02-16 15:18:11.697 : 0888.png - PSNR: 30.31 dB
23-02-16 15:18:12.123 : 0889.png - PSNR: 30.55 dB
23-02-16 15:18:12.547 : 0890.png - PSNR: 25.20 dB
23-02-16 15:18:12.985 : 0891.png - PSNR: 26.40 dB
23-02-16 15:18:13.409 : 0892.png - PSNR: 29.13 dB
23-02-16 15:18:13.795 : 0893.png - PSNR: 33.12 dB
23-02-16 15:18:14.148 : 0894.png - PSNR: 31.54 dB
23-02-16 15:18:14.506 : 0895.png - PSNR: 20.31 dB
23-02-16 15:18:14.872 : 0896.png - PSNR: 38.82 dB
23-02-16 15:18:15.225 : 0897.png - PSNR: 22.00 dB
23-02-16 15:18:15.607 : 0898.png - PSNR: 34.03 dB
23-02-16 15:18:15.990 : 0899.png - PSNR: 30.45 dB
23-02-16 15:18:16.350 : 0900.png - PSNR: 27.59 dB
23-02-16 15:18:16.454 :       Max Memery : 798.045 [M]
23-02-16 15:18:16.454 : ------> Average runtime of (valid) is : 119.266233 seconds
23-02-16 15:18:16.467 :     #Activations : 150.4283 [M]
23-02-16 15:18:16.467 :          #Conv2d : 64
23-02-16 15:18:16.499 :            FLOPs : 27.4692 [G]
23-02-16 15:18:16.499 :          #Params : 0.4273 [M]
23-02-16 15:19:53.338 : 00_RFDN_baseline
23-02-16 15:19:56.310 : 0801.png - PSNR: 29.76 dB
23-02-16 15:19:56.690 : 0802.png - PSNR: 35.29 dB
23-02-16 15:19:57.123 : 0803.png - PSNR: 40.75 dB
23-02-16 15:19:57.490 : 0804.png - PSNR: 27.54 dB
23-02-16 15:19:57.878 : 0805.png - PSNR: 28.58 dB
23-02-16 15:19:58.266 : 0806.png - PSNR: 28.65 dB
23-02-16 15:19:58.584 : 0807.png - PSNR: 20.28 dB
23-02-16 15:19:58.939 : 0808.png - PSNR: 26.89 dB
23-02-16 15:19:59.284 : 0809.png - PSNR: 32.30 dB
23-02-16 15:19:59.678 : 0810.png - PSNR: 26.77 dB
23-02-16 15:20:00.084 : 0811.png - PSNR: 29.12 dB
23-02-16 15:20:00.519 : 0812.png - PSNR: 28.10 dB
23-02-16 15:20:00.950 : 0813.png - PSNR: 31.47 dB
23-02-16 15:20:01.331 : 0814.png - PSNR: 28.40 dB
23-02-16 15:20:01.676 : 0815.png - PSNR: 34.22 dB
23-02-16 15:20:02.083 : 0816.png - PSNR: 31.73 dB
23-02-16 15:20:02.512 : 0817.png - PSNR: 32.28 dB
23-02-16 15:20:02.951 : 0818.png - PSNR: 29.04 dB
23-02-16 15:20:03.347 : 0819.png - PSNR: 28.13 dB
23-02-16 15:20:03.727 : 0820.png - PSNR: 25.08 dB
23-02-16 15:20:04.124 : 0821.png - PSNR: 32.36 dB
23-02-16 15:20:04.559 : 0822.png - PSNR: 30.73 dB
23-02-16 15:20:04.938 : 0823.png - PSNR: 26.11 dB
23-02-16 15:20:05.277 : 0824.png - PSNR: 28.55 dB
23-02-16 15:20:05.623 : 0825.png - PSNR: 27.45 dB
23-02-16 15:20:06.022 : 0826.png - PSNR: 24.27 dB
23-02-16 15:20:06.421 : 0827.png - PSNR: 33.69 dB
23-02-16 15:20:06.810 : 0828.png - PSNR: 22.07 dB
23-02-16 15:20:07.192 : 0829.png - PSNR: 26.62 dB
23-02-16 15:20:07.477 : 0830.png - PSNR: 24.52 dB
23-02-16 15:20:07.804 : 0831.png - PSNR: 30.37 dB
23-02-16 15:20:08.196 : 0832.png - PSNR: 30.96 dB
23-02-16 15:20:08.599 : 0833.png - PSNR: 34.18 dB
23-02-16 15:20:08.967 : 0834.png - PSNR: 25.46 dB
23-02-16 15:20:09.381 : 0835.png - PSNR: 22.89 dB
23-02-16 15:20:09.819 : 0836.png - PSNR: 25.99 dB
23-02-16 15:20:10.214 : 0837.png - PSNR: 26.31 dB
23-02-16 15:20:10.589 : 0838.png - PSNR: 37.78 dB
23-02-16 15:20:10.958 : 0839.png - PSNR: 29.11 dB
23-02-16 15:20:11.318 : 0840.png - PSNR: 28.44 dB
23-02-16 15:20:11.700 : 0841.png - PSNR: 28.27 dB
23-02-16 15:20:12.079 : 0842.png - PSNR: 30.11 dB
23-02-16 15:20:12.446 : 0843.png - PSNR: 41.22 dB
23-02-16 15:20:12.732 : 0844.png - PSNR: 44.51 dB
23-02-16 15:20:13.096 : 0845.png - PSNR: 24.42 dB
23-02-16 15:20:13.487 : 0846.png - PSNR: 25.58 dB
23-02-16 15:20:13.852 : 0847.png - PSNR: 27.89 dB
23-02-16 15:20:14.275 : 0848.png - PSNR: 27.33 dB
23-02-16 15:20:14.683 : 0849.png - PSNR: 22.51 dB
23-02-16 15:20:15.084 : 0850.png - PSNR: 29.20 dB
23-02-16 15:20:15.482 : 0851.png - PSNR: 28.61 dB
23-02-16 15:20:15.798 : 0852.png - PSNR: 30.11 dB
23-02-16 15:20:16.154 : 0853.png - PSNR: 34.30 dB
23-02-16 15:20:16.483 : 0854.png - PSNR: 24.98 dB
23-02-16 15:20:16.968 : 0855.png - PSNR: 29.43 dB
23-02-16 15:20:17.408 : 0856.png - PSNR: 24.41 dB
23-02-16 15:20:17.801 : 0857.png - PSNR: 34.94 dB
23-02-16 15:20:18.184 : 0858.png - PSNR: 28.58 dB
23-02-16 15:20:18.572 : 0859.png - PSNR: 25.57 dB
23-02-16 15:20:19.006 : 0860.png - PSNR: 20.65 dB
23-02-16 15:20:19.417 : 0861.png - PSNR: 23.12 dB
23-02-16 15:20:19.791 : 0862.png - PSNR: 33.18 dB
23-02-16 15:20:20.166 : 0863.png - PSNR: 33.25 dB
23-02-16 15:20:20.539 : 0864.png - PSNR: 29.96 dB
23-02-16 15:20:20.962 : 0865.png - PSNR: 27.32 dB
23-02-16 15:20:21.346 : 0866.png - PSNR: 25.21 dB
23-02-16 15:20:21.720 : 0867.png - PSNR: 28.58 dB
23-02-16 15:20:22.083 : 0868.png - PSNR: 32.90 dB
23-02-16 15:20:22.385 : 0869.png - PSNR: 23.84 dB
23-02-16 15:20:22.797 : 0870.png - PSNR: 28.68 dB
23-02-16 15:20:23.193 : 0871.png - PSNR: 32.22 dB
23-02-16 15:20:23.553 : 0872.png - PSNR: 24.10 dB
23-02-16 15:20:23.932 : 0873.png - PSNR: 24.12 dB
23-02-16 15:20:24.291 : 0874.png - PSNR: 30.21 dB
23-02-16 15:20:24.716 : 0875.png - PSNR: 24.45 dB
23-02-16 15:20:25.134 : 0876.png - PSNR: 22.21 dB
23-02-16 15:20:25.478 : 0877.png - PSNR: 40.48 dB
23-02-16 15:20:25.890 : 0878.png - PSNR: 32.23 dB
23-02-16 15:20:26.410 : 0879.png - PSNR: 27.38 dB
23-02-16 15:20:26.778 : 0880.png - PSNR: 32.30 dB
23-02-16 15:20:27.108 : 0881.png - PSNR: 25.98 dB
23-02-16 15:20:27.452 : 0882.png - PSNR: 34.28 dB
23-02-16 15:20:27.808 : 0883.png - PSNR: 26.42 dB
23-02-16 15:20:28.193 : 0884.png - PSNR: 26.05 dB
23-02-16 15:20:28.582 : 0885.png - PSNR: 22.97 dB
23-02-16 15:20:28.967 : 0886.png - PSNR: 36.59 dB
23-02-16 15:20:29.349 : 0887.png - PSNR: 25.33 dB
23-02-16 15:20:29.716 : 0888.png - PSNR: 30.71 dB
23-02-16 15:20:30.111 : 0889.png - PSNR: 31.09 dB
23-02-16 15:20:30.506 : 0890.png - PSNR: 25.32 dB
23-02-16 15:20:30.908 : 0891.png - PSNR: 26.99 dB
23-02-16 15:20:31.322 : 0892.png - PSNR: 30.36 dB
23-02-16 15:20:31.684 : 0893.png - PSNR: 33.35 dB
23-02-16 15:20:32.049 : 0894.png - PSNR: 31.84 dB
23-02-16 15:20:32.416 : 0895.png - PSNR: 20.46 dB
23-02-16 15:20:32.799 : 0896.png - PSNR: 39.27 dB
23-02-16 15:20:33.171 : 0897.png - PSNR: 22.22 dB
23-02-16 15:20:33.567 : 0898.png - PSNR: 34.60 dB
23-02-16 15:20:33.949 : 0899.png - PSNR: 31.51 dB
23-02-16 15:20:34.303 : 0900.png - PSNR: 28.18 dB
23-02-16 15:20:34.411 :       Max Memery : 788.130 [M]
23-02-16 15:20:34.411 : ------> Average runtime of (valid) is : 89.669198 seconds
23-02-16 15:20:34.423 :     #Activations : 112.0342 [M]
23-02-16 15:20:34.423 :          #Conv2d : 64
23-02-16 15:20:34.452 :            FLOPs : 27.1026 [G]
23-02-16 15:20:34.452 :          #Params : 0.4334 [M]
23-02-16 15:22:06.202 : 00_RFDN_baseline
23-02-16 15:22:09.057 : 0801.png - PSNR: 29.76 dB
23-02-16 15:22:09.417 : 0802.png - PSNR: 35.29 dB
23-02-16 15:22:09.811 : 0803.png - PSNR: 40.75 dB
23-02-16 15:22:10.157 : 0804.png - PSNR: 27.54 dB
23-02-16 15:22:10.535 : 0805.png - PSNR: 28.58 dB
23-02-16 15:22:10.906 : 0806.png - PSNR: 28.65 dB
23-02-16 15:22:11.225 : 0807.png - PSNR: 20.28 dB
23-02-16 15:22:11.563 : 0808.png - PSNR: 26.89 dB
23-02-16 15:22:11.898 : 0809.png - PSNR: 32.30 dB
23-02-16 15:22:12.301 : 0810.png - PSNR: 26.77 dB
23-02-16 15:22:12.674 : 0811.png - PSNR: 29.12 dB
23-02-16 15:22:13.064 : 0812.png - PSNR: 28.10 dB
23-02-16 15:22:13.485 : 0813.png - PSNR: 31.47 dB
23-02-16 15:22:13.851 : 0814.png - PSNR: 28.40 dB
23-02-16 15:22:14.189 : 0815.png - PSNR: 34.22 dB
23-02-16 15:22:14.575 : 0816.png - PSNR: 31.73 dB
23-02-16 15:22:14.983 : 0817.png - PSNR: 32.28 dB
23-02-16 15:22:15.423 : 0818.png - PSNR: 29.04 dB
23-02-16 15:22:15.814 : 0819.png - PSNR: 28.13 dB
23-02-16 15:22:16.219 : 0820.png - PSNR: 25.08 dB
23-02-16 15:22:16.627 : 0821.png - PSNR: 32.36 dB
23-02-16 15:22:17.084 : 0822.png - PSNR: 30.73 dB
23-02-16 15:22:17.504 : 0823.png - PSNR: 26.11 dB
23-02-16 15:22:17.876 : 0824.png - PSNR: 28.55 dB
23-02-16 15:22:18.265 : 0825.png - PSNR: 27.45 dB
23-02-16 15:22:18.698 : 0826.png - PSNR: 24.27 dB
23-02-16 15:22:19.119 : 0827.png - PSNR: 33.69 dB
23-02-16 15:22:19.510 : 0828.png - PSNR: 22.07 dB
23-02-16 15:22:19.878 : 0829.png - PSNR: 26.62 dB
23-02-16 15:22:20.161 : 0830.png - PSNR: 24.52 dB
23-02-16 15:22:20.491 : 0831.png - PSNR: 30.37 dB
23-02-16 15:22:20.867 : 0832.png - PSNR: 30.96 dB
23-02-16 15:22:21.280 : 0833.png - PSNR: 34.18 dB
23-02-16 15:22:21.643 : 0834.png - PSNR: 25.46 dB
23-02-16 15:22:22.045 : 0835.png - PSNR: 22.89 dB
23-02-16 15:22:22.488 : 0836.png - PSNR: 25.99 dB
23-02-16 15:22:22.853 : 0837.png - PSNR: 26.31 dB
23-02-16 15:22:23.219 : 0838.png - PSNR: 37.78 dB
23-02-16 15:22:23.565 : 0839.png - PSNR: 29.11 dB
23-02-16 15:22:23.895 : 0840.png - PSNR: 28.44 dB
23-02-16 15:22:24.272 : 0841.png - PSNR: 28.27 dB
23-02-16 15:22:24.649 : 0842.png - PSNR: 30.11 dB
23-02-16 15:22:25.010 : 0843.png - PSNR: 41.22 dB
23-02-16 15:22:25.305 : 0844.png - PSNR: 44.51 dB
23-02-16 15:22:25.665 : 0845.png - PSNR: 24.42 dB
23-02-16 15:22:26.051 : 0846.png - PSNR: 25.58 dB
23-02-16 15:22:26.414 : 0847.png - PSNR: 27.89 dB
23-02-16 15:22:26.827 : 0848.png - PSNR: 27.33 dB
23-02-16 15:22:27.252 : 0849.png - PSNR: 22.51 dB
23-02-16 15:22:27.664 : 0850.png - PSNR: 29.20 dB
23-02-16 15:22:28.049 : 0851.png - PSNR: 28.61 dB
23-02-16 15:22:28.383 : 0852.png - PSNR: 30.11 dB
23-02-16 15:22:28.736 : 0853.png - PSNR: 34.30 dB
23-02-16 15:22:29.069 : 0854.png - PSNR: 24.98 dB
23-02-16 15:22:29.557 : 0855.png - PSNR: 29.43 dB
23-02-16 15:22:29.986 : 0856.png - PSNR: 24.41 dB
23-02-16 15:22:30.382 : 0857.png - PSNR: 34.94 dB
23-02-16 15:22:30.752 : 0858.png - PSNR: 28.58 dB
23-02-16 15:22:31.141 : 0859.png - PSNR: 25.57 dB
23-02-16 15:22:31.579 : 0860.png - PSNR: 20.65 dB
23-02-16 15:22:31.985 : 0861.png - PSNR: 23.12 dB
23-02-16 15:22:32.366 : 0862.png - PSNR: 33.18 dB
23-02-16 15:22:32.732 : 0863.png - PSNR: 33.25 dB
23-02-16 15:22:33.111 : 0864.png - PSNR: 29.96 dB
23-02-16 15:22:33.542 : 0865.png - PSNR: 27.32 dB
23-02-16 15:22:33.919 : 0866.png - PSNR: 25.21 dB
23-02-16 15:22:34.291 : 0867.png - PSNR: 28.58 dB
23-02-16 15:22:34.652 : 0868.png - PSNR: 32.90 dB
23-02-16 15:22:34.952 : 0869.png - PSNR: 23.84 dB
23-02-16 15:22:35.375 : 0870.png - PSNR: 28.68 dB
23-02-16 15:22:35.755 : 0871.png - PSNR: 32.22 dB
23-02-16 15:22:36.124 : 0872.png - PSNR: 24.10 dB
23-02-16 15:22:36.502 : 0873.png - PSNR: 24.12 dB
23-02-16 15:22:36.856 : 0874.png - PSNR: 30.21 dB
23-02-16 15:22:37.284 : 0875.png - PSNR: 24.45 dB
23-02-16 15:22:37.698 : 0876.png - PSNR: 22.21 dB
23-02-16 15:22:38.052 : 0877.png - PSNR: 40.48 dB
23-02-16 15:22:38.490 : 0878.png - PSNR: 32.23 dB
23-02-16 15:22:39.021 : 0879.png - PSNR: 27.38 dB
23-02-16 15:22:39.397 : 0880.png - PSNR: 32.30 dB
23-02-16 15:22:39.714 : 0881.png - PSNR: 25.98 dB
23-02-16 15:22:40.053 : 0882.png - PSNR: 34.28 dB
23-02-16 15:22:40.424 : 0883.png - PSNR: 26.42 dB
23-02-16 15:22:40.792 : 0884.png - PSNR: 26.05 dB
23-02-16 15:22:41.196 : 0885.png - PSNR: 22.97 dB
23-02-16 15:22:41.592 : 0886.png - PSNR: 36.59 dB
23-02-16 15:22:41.969 : 0887.png - PSNR: 25.33 dB
23-02-16 15:22:42.355 : 0888.png - PSNR: 30.71 dB
23-02-16 15:22:42.754 : 0889.png - PSNR: 31.09 dB
23-02-16 15:22:43.147 : 0890.png - PSNR: 25.32 dB
23-02-16 15:22:43.558 : 0891.png - PSNR: 26.99 dB
23-02-16 15:22:43.961 : 0892.png - PSNR: 30.36 dB
23-02-16 15:22:44.339 : 0893.png - PSNR: 33.35 dB
23-02-16 15:22:44.696 : 0894.png - PSNR: 31.84 dB
23-02-16 15:22:45.069 : 0895.png - PSNR: 20.46 dB
23-02-16 15:22:45.450 : 0896.png - PSNR: 39.27 dB
23-02-16 15:22:45.802 : 0897.png - PSNR: 22.22 dB
23-02-16 15:22:46.195 : 0898.png - PSNR: 34.60 dB
23-02-16 15:22:46.569 : 0899.png - PSNR: 31.51 dB
23-02-16 15:22:46.913 : 0900.png - PSNR: 28.18 dB
23-02-16 15:22:47.019 :       Max Memery : 788.130 [M]
23-02-16 15:22:47.019 : ------> Average runtime of (valid) is : 88.543335 seconds
23-02-16 15:22:47.030 :     #Activations : 112.0342 [M]
23-02-16 15:22:47.031 :          #Conv2d : 64
23-02-16 15:22:47.060 :            FLOPs : 27.1026 [G]
23-02-16 15:22:47.060 :          #Params : 0.4334 [M]
23-02-16 15:23:51.134 : 45_RFDN_residual
23-02-16 15:23:54.012 : 0801.png - PSNR: 29.14 dB
23-02-16 15:23:54.380 : 0802.png - PSNR: 35.03 dB
23-02-16 15:23:54.774 : 0803.png - PSNR: 39.92 dB
23-02-16 15:23:55.125 : 0804.png - PSNR: 27.21 dB
23-02-16 15:23:55.508 : 0805.png - PSNR: 28.46 dB
23-02-16 15:23:55.890 : 0806.png - PSNR: 27.94 dB
23-02-16 15:23:56.216 : 0807.png - PSNR: 20.08 dB
23-02-16 15:23:56.559 : 0808.png - PSNR: 26.64 dB
23-02-16 15:23:56.908 : 0809.png - PSNR: 32.10 dB
23-02-16 15:23:57.308 : 0810.png - PSNR: 26.63 dB
23-02-16 15:23:57.689 : 0811.png - PSNR: 29.00 dB
23-02-16 15:23:58.103 : 0812.png - PSNR: 27.51 dB
23-02-16 15:23:58.527 : 0813.png - PSNR: 31.20 dB
23-02-16 15:23:58.884 : 0814.png - PSNR: 27.99 dB
23-02-16 15:23:59.215 : 0815.png - PSNR: 33.74 dB
23-02-16 15:23:59.582 : 0816.png - PSNR: 31.55 dB
23-02-16 15:23:59.969 : 0817.png - PSNR: 31.91 dB
23-02-16 15:24:00.379 : 0818.png - PSNR: 28.59 dB
23-02-16 15:24:00.780 : 0819.png - PSNR: 27.78 dB
23-02-16 15:24:01.193 : 0820.png - PSNR: 24.47 dB
23-02-16 15:24:01.613 : 0821.png - PSNR: 31.35 dB
23-02-16 15:24:02.077 : 0822.png - PSNR: 30.42 dB
23-02-16 15:24:02.485 : 0823.png - PSNR: 25.73 dB
23-02-16 15:24:02.849 : 0824.png - PSNR: 28.02 dB
23-02-16 15:24:03.218 : 0825.png - PSNR: 27.09 dB
23-02-16 15:24:03.628 : 0826.png - PSNR: 24.04 dB
23-02-16 15:24:04.031 : 0827.png - PSNR: 33.10 dB
23-02-16 15:24:04.422 : 0828.png - PSNR: 20.08 dB
23-02-16 15:24:04.796 : 0829.png - PSNR: 26.56 dB
23-02-16 15:24:05.088 : 0830.png - PSNR: 24.32 dB
23-02-16 15:24:05.439 : 0831.png - PSNR: 29.83 dB
23-02-16 15:24:05.829 : 0832.png - PSNR: 30.23 dB
23-02-16 15:24:06.250 : 0833.png - PSNR: 33.73 dB
23-02-16 15:24:06.605 : 0834.png - PSNR: 25.30 dB
23-02-16 15:24:06.987 : 0835.png - PSNR: 22.76 dB
23-02-16 15:24:07.413 : 0836.png - PSNR: 25.58 dB
23-02-16 15:24:07.783 : 0837.png - PSNR: 25.98 dB
23-02-16 15:24:08.152 : 0838.png - PSNR: 37.71 dB
23-02-16 15:24:08.534 : 0839.png - PSNR: 29.01 dB
23-02-16 15:24:08.889 : 0840.png - PSNR: 28.32 dB
23-02-16 15:24:09.288 : 0841.png - PSNR: 27.78 dB
23-02-16 15:24:09.648 : 0842.png - PSNR: 29.57 dB
23-02-16 15:24:09.984 : 0843.png - PSNR: 40.60 dB
23-02-16 15:24:10.264 : 0844.png - PSNR: 43.49 dB
23-02-16 15:24:10.609 : 0845.png - PSNR: 23.63 dB
23-02-16 15:24:10.958 : 0846.png - PSNR: 24.77 dB
23-02-16 15:24:11.328 : 0847.png - PSNR: 27.38 dB
23-02-16 15:24:11.754 : 0848.png - PSNR: 27.01 dB
23-02-16 15:24:12.173 : 0849.png - PSNR: 21.93 dB
23-02-16 15:24:12.579 : 0850.png - PSNR: 28.80 dB
23-02-16 15:24:12.953 : 0851.png - PSNR: 28.22 dB
23-02-16 15:24:13.284 : 0852.png - PSNR: 29.88 dB
23-02-16 15:24:13.650 : 0853.png - PSNR: 33.83 dB
23-02-16 15:24:13.974 : 0854.png - PSNR: 24.79 dB
23-02-16 15:24:14.454 : 0855.png - PSNR: 29.25 dB
23-02-16 15:24:14.866 : 0856.png - PSNR: 24.08 dB
23-02-16 15:24:15.242 : 0857.png - PSNR: 34.88 dB
23-02-16 15:24:15.603 : 0858.png - PSNR: 28.38 dB
23-02-16 15:24:15.964 : 0859.png - PSNR: 25.16 dB
23-02-16 15:24:16.406 : 0860.png - PSNR: 20.50 dB
23-02-16 15:24:16.839 : 0861.png - PSNR: 22.73 dB
23-02-16 15:24:17.231 : 0862.png - PSNR: 33.10 dB
23-02-16 15:24:17.611 : 0863.png - PSNR: 33.16 dB
23-02-16 15:24:17.991 : 0864.png - PSNR: 29.82 dB
23-02-16 15:24:18.424 : 0865.png - PSNR: 27.20 dB
23-02-16 15:24:18.811 : 0866.png - PSNR: 24.93 dB
23-02-16 15:24:19.195 : 0867.png - PSNR: 28.22 dB
23-02-16 15:24:19.576 : 0868.png - PSNR: 32.45 dB
23-02-16 15:24:19.882 : 0869.png - PSNR: 23.63 dB
23-02-16 15:24:20.326 : 0870.png - PSNR: 28.48 dB
23-02-16 15:24:20.734 : 0871.png - PSNR: 31.84 dB
23-02-16 15:24:21.102 : 0872.png - PSNR: 23.83 dB
23-02-16 15:24:21.486 : 0873.png - PSNR: 23.83 dB
23-02-16 15:24:21.833 : 0874.png - PSNR: 29.91 dB
23-02-16 15:24:22.244 : 0875.png - PSNR: 24.21 dB
23-02-16 15:24:22.669 : 0876.png - PSNR: 22.01 dB
23-02-16 15:24:22.999 : 0877.png - PSNR: 40.01 dB
23-02-16 15:24:23.398 : 0878.png - PSNR: 31.97 dB
23-02-16 15:24:23.883 : 0879.png - PSNR: 27.08 dB
23-02-16 15:24:24.269 : 0880.png - PSNR: 31.96 dB
23-02-16 15:24:24.594 : 0881.png - PSNR: 25.79 dB
23-02-16 15:24:24.932 : 0882.png - PSNR: 34.08 dB
23-02-16 15:24:25.307 : 0883.png - PSNR: 26.10 dB
23-02-16 15:24:25.685 : 0884.png - PSNR: 25.62 dB
23-02-16 15:24:26.091 : 0885.png - PSNR: 22.66 dB
23-02-16 15:24:26.462 : 0886.png - PSNR: 36.01 dB
23-02-16 15:24:26.814 : 0887.png - PSNR: 25.14 dB
23-02-16 15:24:27.179 : 0888.png - PSNR: 30.31 dB
23-02-16 15:24:27.563 : 0889.png - PSNR: 30.55 dB
23-02-16 15:24:27.924 : 0890.png - PSNR: 25.20 dB
23-02-16 15:24:28.344 : 0891.png - PSNR: 26.40 dB
23-02-16 15:24:28.749 : 0892.png - PSNR: 29.13 dB
23-02-16 15:24:29.133 : 0893.png - PSNR: 33.12 dB
23-02-16 15:24:29.497 : 0894.png - PSNR: 31.54 dB
23-02-16 15:24:29.837 : 0895.png - PSNR: 20.31 dB
23-02-16 15:24:30.202 : 0896.png - PSNR: 38.82 dB
23-02-16 15:24:30.550 : 0897.png - PSNR: 22.00 dB
23-02-16 15:24:30.916 : 0898.png - PSNR: 34.03 dB
23-02-16 15:24:31.301 : 0899.png - PSNR: 30.45 dB
23-02-16 15:24:31.662 : 0900.png - PSNR: 27.59 dB
23-02-16 15:24:31.762 :       Max Memery : 798.045 [M]
23-02-16 15:24:31.763 : ------> Average runtime of (valid) is : 90.306676 seconds
23-02-16 15:24:31.775 :     #Activations : 150.4283 [M]
23-02-16 15:24:31.775 :          #Conv2d : 64
23-02-16 15:24:31.808 :            FLOPs : 27.4692 [G]
23-02-16 15:24:31.809 :          #Params : 0.4273 [M]
